<?xml version="1.0" encoding="UTF-8"?>
<!-- Generated by org.testng.reporters.JUnitReportReporter -->
<testsuite skipped="0" hostname="DESKTOP-RE812HF" name="week3.ElearningTestWeek3" tests="3" failures="0" timestamp="2019-12-20T18:21:49 IST" time="591.830" errors="0">
  <testcase name="adminToAddNewUser_ELTC_072" time="103.175" classname="week3.ElearningTestWeek3"/>
  <testcase name="errorMsgVerifyInAddNewUser_ELTC_083" time="100.616" classname="week3.ElearningTestWeek3"/>
  <testcase name="testCase_ELTC_071" time="388.039" classname="week3.ElearningTestWeek3"/>
</testsuite> <!-- week3.ElearningTestWeek3 -->
