<?xml version="1.0" encoding="UTF-8"?>
<!-- Generated by org.testng.reporters.JUnitReportReporter -->
<testsuite skipped="0" hostname="DESKTOP-RE812HF" name="week2.ElearningTestWeek2" tests="3" failures="0" timestamp="2019-12-13T01:40:37 IST" time="359.630" errors="0">
  <testcase name="teacherToAddprojectDetails_ELTC_040" time="141.508" classname="week2.ElearningTestWeek2"/>
  <testcase name="studentToSubscribeCourseTakeTest_ELTC_041" time="108.578" classname="week2.ElearningTestWeek2"/>
  <testcase name="studentToSubscribeCourseTakeTest_ELTC_042" time="109.544" classname="week2.ElearningTestWeek2"/>
</testsuite> <!-- week2.ElearningTestWeek2 -->
