<?xml version="1.0" encoding="UTF-8"?>
<!-- Generated by org.testng.reporters.JUnitReportReporter -->
<testsuite skipped="0" hostname="DESKTOP-RE812HF" name="week1.ElearningTest" tests="3" failures="0" timestamp="2019-12-09T22:11:50 IST" time="159.341" errors="0">
  <testcase name="registerForCourse_ELTC_013" time="55.632" classname="week1.ElearningTest"/>
  <testcase name="displayRegisteredCourseDetails_ELTC_014" time="56.791" classname="week1.ElearningTest"/>
  <testcase name="logoutTest_ELTC_015" time="46.918" classname="week1.ElearningTest"/>
</testsuite> <!-- week1.ElearningTest -->
